<?xml version="1.0" encoding="UTF-8"?>
<testng-results skipped="0" failed="0" ignored="0" total="1" passed="1">
  <reporter-output>
  </reporter-output>
  <suite name="Surefire suite" duration-ms="44874" started-at="2020-02-12T23:16:37Z" finished-at="2020-02-12T23:17:22Z">
    <groups>
    </groups>
    <test name="Surefire test" duration-ms="44874" started-at="2020-02-12T23:16:37Z" finished-at="2020-02-12T23:17:22Z">
      <class name="automationTaskOulu.AmazonProductSearch.AppTest">
        <test-method status="PASS" signature="shouldAnswerWithTrue()" name="shouldAnswerWithTrue" duration-ms="45" started-at="2020-02-12T23:16:37Z" finished-at="2020-02-12T23:16:37Z">
          <reporter-output>
          </reporter-output>
        </test-method> <!-- shouldAnswerWithTrue -->
      </class> <!-- automationTaskOulu.AmazonProductSearch.AppTest -->
    </test> <!-- Surefire test -->
  </suite> <!-- Surefire suite -->
</testng-results>
